E:\CODE\CONSOLECONSUMEDLL\CONSOLECONSUMEDLL\DEBUG\CONSOLECONSUMEDLL.EXE.EMBED.MANIFEST
E:\CODE\CONSOLECONSUMEDLL\CONSOLECONSUMEDLL\DEBUG\CONSOLECONSUMEDLL.EXE.EMBED.MANIFEST.RES
E:\CODE\CONSOLECONSUMEDLL\CONSOLECONSUMEDLL\DEBUG\CONSOLECONSUMEDLL.EXE.INTERMEDIATE.MANIFEST
E:\CODE\CONSOLECONSUMEDLL\CONSOLECONSUMEDLL\DEBUG\CONSUMERDLL.OBJ
E:\CODE\CONSOLECONSUMEDLL\CONSOLECONSUMEDLL\DEBUG\VC100.PDB
E:\CODE\CONSOLECONSUMEDLL\DEBUG\CONSOLECONSUMEDLL.EXE
E:\CODE\CONSOLECONSUMEDLL\DEBUG\CONSOLECONSUMEDLL.ILK
E:\CODE\CONSOLECONSUMEDLL\DEBUG\CONSOLECONSUMEDLL.PDB
E:\Coding\Projects\Disassembler\ConsoleConsumeDLL\ConsoleConsumeDLL\Debug\cl.command.1.tlog
E:\Coding\Projects\Disassembler\ConsoleConsumeDLL\ConsoleConsumeDLL\Debug\CL.read.1.tlog
E:\Coding\Projects\Disassembler\ConsoleConsumeDLL\ConsoleConsumeDLL\Debug\CL.write.1.tlog
E:\Coding\Projects\Disassembler\ConsoleConsumeDLL\ConsoleConsumeDLL\Debug\ConsoleConsumeDLL.exe.embed.manifest
E:\CODING\PROJECTS\DISASSEMBLER\CONSOLECONSUMEDLL\CONSOLECONSUMEDLL\DEBUG\CONSOLECONSUMEDLL.EXE.EMBED.MANIFEST.RES
E:\CODING\PROJECTS\DISASSEMBLER\CONSOLECONSUMEDLL\CONSOLECONSUMEDLL\DEBUG\CONSOLECONSUMEDLL.EXE.INTERMEDIATE.MANIFEST
E:\Coding\Projects\Disassembler\ConsoleConsumeDLL\ConsoleConsumeDLL\Debug\ConsoleConsumeDLL.vcxprojResolveAssemblyReference.cache
E:\Coding\Projects\Disassembler\ConsoleConsumeDLL\ConsoleConsumeDLL\Debug\ConsoleConsumeDLL.write.1.tlog
E:\Coding\Projects\Disassembler\ConsoleConsumeDLL\ConsoleConsumeDLL\Debug\ConsoleConsumeDLL_manifest.rc
E:\CODING\PROJECTS\DISASSEMBLER\CONSOLECONSUMEDLL\CONSOLECONSUMEDLL\DEBUG\CONSUMERDLL.OBJ
E:\Coding\Projects\Disassembler\ConsoleConsumeDLL\ConsoleConsumeDLL\Debug\link.5584.read.1.tlog
E:\Coding\Projects\Disassembler\ConsoleConsumeDLL\ConsoleConsumeDLL\Debug\link.5584.write.1.tlog
E:\Coding\Projects\Disassembler\ConsoleConsumeDLL\ConsoleConsumeDLL\Debug\link.5584-cvtres.read.1.tlog
E:\Coding\Projects\Disassembler\ConsoleConsumeDLL\ConsoleConsumeDLL\Debug\link.5584-cvtres.write.1.tlog
E:\Coding\Projects\Disassembler\ConsoleConsumeDLL\ConsoleConsumeDLL\Debug\link.command.1.tlog
E:\Coding\Projects\Disassembler\ConsoleConsumeDLL\ConsoleConsumeDLL\Debug\link.read.1.tlog
E:\Coding\Projects\Disassembler\ConsoleConsumeDLL\ConsoleConsumeDLL\Debug\link.write.1.tlog
E:\Coding\Projects\Disassembler\ConsoleConsumeDLL\ConsoleConsumeDLL\Debug\link-cvtres.read.1.tlog
E:\Coding\Projects\Disassembler\ConsoleConsumeDLL\ConsoleConsumeDLL\Debug\link-cvtres.write.1.tlog
E:\Coding\Projects\Disassembler\ConsoleConsumeDLL\ConsoleConsumeDLL\Debug\mt.command.1.tlog
E:\Coding\Projects\Disassembler\ConsoleConsumeDLL\ConsoleConsumeDLL\Debug\mt.read.1.tlog
E:\Coding\Projects\Disassembler\ConsoleConsumeDLL\ConsoleConsumeDLL\Debug\mt.write.1.tlog
E:\Coding\Projects\Disassembler\ConsoleConsumeDLL\ConsoleConsumeDLL\Debug\rc.command.1.tlog
E:\Coding\Projects\Disassembler\ConsoleConsumeDLL\ConsoleConsumeDLL\Debug\rc.read.1.tlog
E:\Coding\Projects\Disassembler\ConsoleConsumeDLL\ConsoleConsumeDLL\Debug\rc.write.1.tlog
E:\Coding\Projects\Disassembler\ConsoleConsumeDLL\ConsoleConsumeDLL\Debug\vc100.idb
E:\CODING\PROJECTS\DISASSEMBLER\CONSOLECONSUMEDLL\CONSOLECONSUMEDLL\DEBUG\VC100.PDB
E:\CODING\PROJECTS\DISASSEMBLER\CONSOLECONSUMEDLL\DEBUG\CONSOLECONSUMEDLL.EXE
E:\CODING\PROJECTS\DISASSEMBLER\CONSOLECONSUMEDLL\DEBUG\CONSOLECONSUMEDLL.ILK
E:\CODING\PROJECTS\DISASSEMBLER\CONSOLECONSUMEDLL\DEBUG\CONSOLECONSUMEDLL.PDB
