Build started 04-Jul-15 2:14:31 AM.
     1>Project "E:\Coding\Projects\Disassembler\ProcessDissector\ProcessDissector\ProcessDissector.vcxproj" on node 2 (build target(s)).
     1>InitializeBuildStatus:
         Creating "Debug\ProcessDissector.unsuccessfulbuild" because "AlwaysCreate" was specified.
       ClCompile:
         C:\Program Files\Microsoft Visual Studio 10.0\VC\bin\CL.exe /c /ZI /nologo /W3 /WX- /Od /Oy- /D WIN32 /D _DEBUG /D _WINDOWS /D _USRDLL /D PROCESSDISSECTOR_EXPORTS /D _WINDLL /D _UNICODE /D UNICODE /Gm /EHsc /RTC1 /MDd /GS /fp:precise /Zc:wchar_t /Zc:forScope /Fo"Debug\\" /Fd"Debug\vc100.pdb" /Gd /TP /analyze- /errorReport:prompt SystemStatistics.cpp
         SystemStatistics.cpp
     1>e:\coding\projects\disassembler\processdissector\processdissector\systemstatistics.cpp(178): warning C4996: 'wcscpy': This function or variable may be unsafe. Consider using wcscpy_s instead. To disable deprecation, use _CRT_SECURE_NO_WARNINGS. See online help for details.
                 c:\program files\microsoft visual studio 10.0\vc\include\string.h(283) : see declaration of 'wcscpy'
     1>e:\coding\projects\disassembler\processdissector\processdissector\systemstatistics.cpp(182): warning C4996: 'wcscpy': This function or variable may be unsafe. Consider using wcscpy_s instead. To disable deprecation, use _CRT_SECURE_NO_WARNINGS. See online help for details.
                 c:\program files\microsoft visual studio 10.0\vc\include\string.h(283) : see declaration of 'wcscpy'
     1>e:\coding\projects\disassembler\processdissector\processdissector\systemstatistics.cpp(186): warning C4996: 'wcscpy': This function or variable may be unsafe. Consider using wcscpy_s instead. To disable deprecation, use _CRT_SECURE_NO_WARNINGS. See online help for details.
                 c:\program files\microsoft visual studio 10.0\vc\include\string.h(283) : see declaration of 'wcscpy'
     1>e:\coding\projects\disassembler\processdissector\processdissector\systemstatistics.cpp(192): warning C4996: 'wcscpy': This function or variable may be unsafe. Consider using wcscpy_s instead. To disable deprecation, use _CRT_SECURE_NO_WARNINGS. See online help for details.
                 c:\program files\microsoft visual studio 10.0\vc\include\string.h(283) : see declaration of 'wcscpy'
     1>e:\coding\projects\disassembler\processdissector\processdissector\systemstatistics.cpp(266): warning C4996: 'wcscpy': This function or variable may be unsafe. Consider using wcscpy_s instead. To disable deprecation, use _CRT_SECURE_NO_WARNINGS. See online help for details.
                 c:\program files\microsoft visual studio 10.0\vc\include\string.h(283) : see declaration of 'wcscpy'
     1>e:\coding\projects\disassembler\processdissector\processdissector\systemstatistics.cpp(270): warning C4996: 'wcscpy': This function or variable may be unsafe. Consider using wcscpy_s instead. To disable deprecation, use _CRT_SECURE_NO_WARNINGS. See online help for details.
                 c:\program files\microsoft visual studio 10.0\vc\include\string.h(283) : see declaration of 'wcscpy'
     1>e:\coding\projects\disassembler\processdissector\processdissector\systemstatistics.cpp(274): warning C4996: 'wcscpy': This function or variable may be unsafe. Consider using wcscpy_s instead. To disable deprecation, use _CRT_SECURE_NO_WARNINGS. See online help for details.
                 c:\program files\microsoft visual studio 10.0\vc\include\string.h(283) : see declaration of 'wcscpy'
     1>e:\coding\projects\disassembler\processdissector\processdissector\systemstatistics.cpp(280): warning C4996: 'wcscpy': This function or variable may be unsafe. Consider using wcscpy_s instead. To disable deprecation, use _CRT_SECURE_NO_WARNINGS. See online help for details.
                 c:\program files\microsoft visual studio 10.0\vc\include\string.h(283) : see declaration of 'wcscpy'
     1>e:\coding\projects\disassembler\processdissector\processdissector\systemstatistics.cpp(434): warning C4996: 'wcscpy': This function or variable may be unsafe. Consider using wcscpy_s instead. To disable deprecation, use _CRT_SECURE_NO_WARNINGS. See online help for details.
                 c:\program files\microsoft visual studio 10.0\vc\include\string.h(283) : see declaration of 'wcscpy'
     1>e:\coding\projects\disassembler\processdissector\processdissector\systemstatistics.cpp(438): warning C4996: 'wcscpy': This function or variable may be unsafe. Consider using wcscpy_s instead. To disable deprecation, use _CRT_SECURE_NO_WARNINGS. See online help for details.
                 c:\program files\microsoft visual studio 10.0\vc\include\string.h(283) : see declaration of 'wcscpy'
     1>e:\coding\projects\disassembler\processdissector\processdissector\systemstatistics.cpp(442): warning C4996: 'wcscpy': This function or variable may be unsafe. Consider using wcscpy_s instead. To disable deprecation, use _CRT_SECURE_NO_WARNINGS. See online help for details.
                 c:\program files\microsoft visual studio 10.0\vc\include\string.h(283) : see declaration of 'wcscpy'
     1>e:\coding\projects\disassembler\processdissector\processdissector\systemstatistics.cpp(448): warning C4996: 'wcscpy': This function or variable may be unsafe. Consider using wcscpy_s instead. To disable deprecation, use _CRT_SECURE_NO_WARNINGS. See online help for details.
                 c:\program files\microsoft visual studio 10.0\vc\include\string.h(283) : see declaration of 'wcscpy'
     1>e:\coding\projects\disassembler\processdissector\processdissector\systemstatistics.cpp(522): warning C4996: 'wcscpy': This function or variable may be unsafe. Consider using wcscpy_s instead. To disable deprecation, use _CRT_SECURE_NO_WARNINGS. See online help for details.
                 c:\program files\microsoft visual studio 10.0\vc\include\string.h(283) : see declaration of 'wcscpy'
     1>e:\coding\projects\disassembler\processdissector\processdissector\systemstatistics.cpp(526): warning C4996: 'wcscpy': This function or variable may be unsafe. Consider using wcscpy_s instead. To disable deprecation, use _CRT_SECURE_NO_WARNINGS. See online help for details.
                 c:\program files\microsoft visual studio 10.0\vc\include\string.h(283) : see declaration of 'wcscpy'
     1>e:\coding\projects\disassembler\processdissector\processdissector\systemstatistics.cpp(530): warning C4996: 'wcscpy': This function or variable may be unsafe. Consider using wcscpy_s instead. To disable deprecation, use _CRT_SECURE_NO_WARNINGS. See online help for details.
                 c:\program files\microsoft visual studio 10.0\vc\include\string.h(283) : see declaration of 'wcscpy'
     1>e:\coding\projects\disassembler\processdissector\processdissector\systemstatistics.cpp(536): warning C4996: 'wcscpy': This function or variable may be unsafe. Consider using wcscpy_s instead. To disable deprecation, use _CRT_SECURE_NO_WARNINGS. See online help for details.
                 c:\program files\microsoft visual studio 10.0\vc\include\string.h(283) : see declaration of 'wcscpy'
     1>e:\coding\projects\disassembler\processdissector\processdissector\systemstatistics.cpp(1044): warning C4996: 'wcscpy': This function or variable may be unsafe. Consider using wcscpy_s instead. To disable deprecation, use _CRT_SECURE_NO_WARNINGS. See online help for details.
                 c:\program files\microsoft visual studio 10.0\vc\include\string.h(283) : see declaration of 'wcscpy'
       ManifestResourceCompile:
         All outputs are up-to-date.
       Link:
         C:\Program Files\Microsoft Visual Studio 10.0\VC\bin\link.exe /ERRORREPORT:PROMPT /OUT:"E:\Coding\Projects\Disassembler\ProcessDissector\Debug\ProcessDissector.dll" /INCREMENTAL /NOLOGO Shlwapi.lib Psapi.lib kernel32.lib user32.lib gdi32.lib winspool.lib comdlg32.lib advapi32.lib shell32.lib ole32.lib oleaut32.lib uuid.lib odbc32.lib odbccp32.lib /MANIFEST /ManifestFile:"Debug\ProcessDissector.dll.intermediate.manifest" /MANIFESTUAC:"level='asInvoker' uiAccess='false'" /DEBUG /PDB:"E:\Coding\Projects\Disassembler\ProcessDissector\Debug\ProcessDissector.pdb" /SUBSYSTEM:WINDOWS /TLBID:1 /DYNAMICBASE /NXCOMPAT /IMPLIB:"E:\Coding\Projects\Disassembler\ProcessDissector\Debug\ProcessDissector.lib" /MACHINE:X86 /DLL Debug\ProcessDissector.dll.embed.manifest.res
         Debug\DllMain.obj
         Debug\PEParserHelper.obj
         Debug\SystemStatistics.obj
            Creating library E:\Coding\Projects\Disassembler\ProcessDissector\Debug\ProcessDissector.lib and object E:\Coding\Projects\Disassembler\ProcessDissector\Debug\ProcessDissector.exp
       Manifest:
         C:\Program Files\Microsoft SDKs\Windows\v7.0A\bin\mt.exe /nologo /verbose /out:"Debug\ProcessDissector.dll.embed.manifest" /manifest Debug\ProcessDissector.dll.intermediate.manifest
         All outputs are up-to-date.
       LinkEmbedManifest:
         All outputs are up-to-date.
         ProcessDissector.vcxproj -> E:\Coding\Projects\Disassembler\ProcessDissector\Debug\ProcessDissector.dll
       FinalizeBuildStatus:
         Deleting file "Debug\ProcessDissector.unsuccessfulbuild".
         Touching "Debug\ProcessDissector.lastbuildstate".
     1>Done Building Project "E:\Coding\Projects\Disassembler\ProcessDissector\ProcessDissector\ProcessDissector.vcxproj" (build target(s)).

Build succeeded.

Time Elapsed 00:00:03.14
