E:\CODE\PROCESSDISSECTOR\DEBUG\PROCESSDISSECTOR.DLL
E:\Code\ProcessDissector\Debug\ProcessDissector.exp
E:\CODE\PROCESSDISSECTOR\DEBUG\PROCESSDISSECTOR.ILK
E:\Code\ProcessDissector\Debug\ProcessDissector.lib
E:\CODE\PROCESSDISSECTOR\DEBUG\PROCESSDISSECTOR.PDB
E:\CODE\PROCESSDISSECTOR\PROCESSDISSECTOR\DEBUG\DLLMAIN.OBJ
E:\CODE\PROCESSDISSECTOR\PROCESSDISSECTOR\DEBUG\PEPARSERHELPER.OBJ
E:\CODE\PROCESSDISSECTOR\PROCESSDISSECTOR\DEBUG\PROCESSDISSECTOR.DLL.EMBED.MANIFEST
E:\CODE\PROCESSDISSECTOR\PROCESSDISSECTOR\DEBUG\PROCESSDISSECTOR.DLL.EMBED.MANIFEST.RES
E:\CODE\PROCESSDISSECTOR\PROCESSDISSECTOR\DEBUG\PROCESSDISSECTOR.DLL.INTERMEDIATE.MANIFEST
E:\CODE\PROCESSDISSECTOR\PROCESSDISSECTOR\DEBUG\VC100.PDB
E:\CODING\PROJECTS\DISASSEMBLER\PROCESSDISSECTOR\DEBUG\PROCESSDISSECTOR.DLL
E:\Coding\Projects\Disassembler\ProcessDissector\Debug\ProcessDissector.exp
E:\CODING\PROJECTS\DISASSEMBLER\PROCESSDISSECTOR\DEBUG\PROCESSDISSECTOR.ILK
E:\Coding\Projects\Disassembler\ProcessDissector\Debug\ProcessDissector.lib
E:\CODING\PROJECTS\DISASSEMBLER\PROCESSDISSECTOR\DEBUG\PROCESSDISSECTOR.PDB
E:\Coding\Projects\Disassembler\ProcessDissector\ProcessDissector\Debug\cl.command.1.tlog
E:\Coding\Projects\Disassembler\ProcessDissector\ProcessDissector\Debug\CL.read.1.tlog
E:\Coding\Projects\Disassembler\ProcessDissector\ProcessDissector\Debug\CL.write.1.tlog
E:\CODING\PROJECTS\DISASSEMBLER\PROCESSDISSECTOR\PROCESSDISSECTOR\DEBUG\DLLMAIN.OBJ
E:\Coding\Projects\Disassembler\ProcessDissector\ProcessDissector\Debug\link.4980.read.1.tlog
E:\Coding\Projects\Disassembler\ProcessDissector\ProcessDissector\Debug\link.4980.write.1.tlog
E:\Coding\Projects\Disassembler\ProcessDissector\ProcessDissector\Debug\link.4980-cvtres.read.1.tlog
E:\Coding\Projects\Disassembler\ProcessDissector\ProcessDissector\Debug\link.4980-cvtres.write.1.tlog
E:\Coding\Projects\Disassembler\ProcessDissector\ProcessDissector\Debug\link.8852.read.1.tlog
E:\Coding\Projects\Disassembler\ProcessDissector\ProcessDissector\Debug\link.8852.write.1.tlog
E:\Coding\Projects\Disassembler\ProcessDissector\ProcessDissector\Debug\link.8852-cvtres.read.1.tlog
E:\Coding\Projects\Disassembler\ProcessDissector\ProcessDissector\Debug\link.8852-cvtres.write.1.tlog
E:\Coding\Projects\Disassembler\ProcessDissector\ProcessDissector\Debug\link.9152.read.1.tlog
E:\Coding\Projects\Disassembler\ProcessDissector\ProcessDissector\Debug\link.9152.write.1.tlog
E:\Coding\Projects\Disassembler\ProcessDissector\ProcessDissector\Debug\link.9152-cvtres.read.1.tlog
E:\Coding\Projects\Disassembler\ProcessDissector\ProcessDissector\Debug\link.9152-cvtres.write.1.tlog
E:\Coding\Projects\Disassembler\ProcessDissector\ProcessDissector\Debug\link.9304.read.1.tlog
E:\Coding\Projects\Disassembler\ProcessDissector\ProcessDissector\Debug\link.9304.write.1.tlog
E:\Coding\Projects\Disassembler\ProcessDissector\ProcessDissector\Debug\link.9304-cvtres.read.1.tlog
E:\Coding\Projects\Disassembler\ProcessDissector\ProcessDissector\Debug\link.9304-cvtres.write.1.tlog
E:\Coding\Projects\Disassembler\ProcessDissector\ProcessDissector\Debug\link.9560.read.1.tlog
E:\Coding\Projects\Disassembler\ProcessDissector\ProcessDissector\Debug\link.9560.write.1.tlog
E:\Coding\Projects\Disassembler\ProcessDissector\ProcessDissector\Debug\link.9560-cvtres.read.1.tlog
E:\Coding\Projects\Disassembler\ProcessDissector\ProcessDissector\Debug\link.9560-cvtres.write.1.tlog
E:\Coding\Projects\Disassembler\ProcessDissector\ProcessDissector\Debug\link.9608.read.1.tlog
E:\Coding\Projects\Disassembler\ProcessDissector\ProcessDissector\Debug\link.9608.write.1.tlog
E:\Coding\Projects\Disassembler\ProcessDissector\ProcessDissector\Debug\link.9608-cvtres.read.1.tlog
E:\Coding\Projects\Disassembler\ProcessDissector\ProcessDissector\Debug\link.9608-cvtres.write.1.tlog
E:\Coding\Projects\Disassembler\ProcessDissector\ProcessDissector\Debug\link.9824.read.1.tlog
E:\Coding\Projects\Disassembler\ProcessDissector\ProcessDissector\Debug\link.9824.write.1.tlog
E:\Coding\Projects\Disassembler\ProcessDissector\ProcessDissector\Debug\link.9824-cvtres.read.1.tlog
E:\Coding\Projects\Disassembler\ProcessDissector\ProcessDissector\Debug\link.9824-cvtres.write.1.tlog
E:\Coding\Projects\Disassembler\ProcessDissector\ProcessDissector\Debug\link.command.1.tlog
E:\Coding\Projects\Disassembler\ProcessDissector\ProcessDissector\Debug\link.read.1.tlog
E:\Coding\Projects\Disassembler\ProcessDissector\ProcessDissector\Debug\link.write.1.tlog
E:\Coding\Projects\Disassembler\ProcessDissector\ProcessDissector\Debug\link-cvtres.read.1.tlog
E:\Coding\Projects\Disassembler\ProcessDissector\ProcessDissector\Debug\link-cvtres.write.1.tlog
E:\Coding\Projects\Disassembler\ProcessDissector\ProcessDissector\Debug\mt.command.1.tlog
E:\Coding\Projects\Disassembler\ProcessDissector\ProcessDissector\Debug\mt.read.1.tlog
E:\Coding\Projects\Disassembler\ProcessDissector\ProcessDissector\Debug\mt.write.1.tlog
E:\CODING\PROJECTS\DISASSEMBLER\PROCESSDISSECTOR\PROCESSDISSECTOR\DEBUG\PEPARSERHELPER.OBJ
E:\Coding\Projects\Disassembler\ProcessDissector\ProcessDissector\Debug\ProcessDissector.dll.embed.manifest
E:\CODING\PROJECTS\DISASSEMBLER\PROCESSDISSECTOR\PROCESSDISSECTOR\DEBUG\PROCESSDISSECTOR.DLL.EMBED.MANIFEST.RES
E:\CODING\PROJECTS\DISASSEMBLER\PROCESSDISSECTOR\PROCESSDISSECTOR\DEBUG\PROCESSDISSECTOR.DLL.INTERMEDIATE.MANIFEST
E:\Coding\Projects\Disassembler\ProcessDissector\ProcessDissector\Debug\ProcessDissector.vcxprojResolveAssemblyReference.cache
E:\Coding\Projects\Disassembler\ProcessDissector\ProcessDissector\Debug\ProcessDissector.write.1.tlog
E:\Coding\Projects\Disassembler\ProcessDissector\ProcessDissector\Debug\ProcessDissector_manifest.rc
E:\Coding\Projects\Disassembler\ProcessDissector\ProcessDissector\Debug\rc.command.1.tlog
E:\Coding\Projects\Disassembler\ProcessDissector\ProcessDissector\Debug\rc.read.1.tlog
E:\Coding\Projects\Disassembler\ProcessDissector\ProcessDissector\Debug\rc.write.1.tlog
E:\Coding\Projects\Disassembler\ProcessDissector\ProcessDissector\Debug\vc100.idb
E:\CODING\PROJECTS\DISASSEMBLER\PROCESSDISSECTOR\PROCESSDISSECTOR\DEBUG\VC100.PDB
